<?xml version="1.0" encoding="UTF-8"?>
<testng-results skipped="0" failed="0" total="1" passed="1">
  <reporter-output>
    <line>
      <![CDATA[Test Android]]>
    </line>
  </reporter-output>
  <suite name="Default suite" duration-ms="38510" started-at="2019-04-09T16:35:05Z" finished-at="2019-04-09T16:35:44Z">
    <groups>
    </groups>
    <test name="Default test" duration-ms="38510" started-at="2019-04-09T16:35:05Z" finished-at="2019-04-09T16:35:44Z">
      <class name="com.NAQTS.tescoApp.pom.testcases.LoginTest">
        <test-method status="PASS" signature="LoginTest()[pri:0, instance:com.NAQTS.tescoApp.pom.testcases.LoginTest@cb51256]" name="LoginTest" duration-ms="36120" started-at="2019-04-09T12:35:05Z" finished-at="2019-04-09T12:35:41Z">
          <reporter-output>
            <line>
              <![CDATA[Test Android]]>
            </line>
          </reporter-output>
        </test-method> <!-- LoginTest -->
        <test-method status="PASS" signature="quit()[pri:0, instance:com.NAQTS.tescoApp.pom.testcases.LoginTest@cb51256]" name="quit" is-config="true" duration-ms="2355" started-at="2019-04-09T12:35:41Z" finished-at="2019-04-09T12:35:44Z">
          <reporter-output>
          </reporter-output>
        </test-method> <!-- quit -->
      </class> <!-- com.NAQTS.tescoApp.pom.testcases.LoginTest -->
    </test> <!-- Default test -->
  </suite> <!-- Default suite -->
</testng-results>
