<?xml version="1.0" encoding="UTF-8"?>
<testng-results skipped="0" failed="0" total="1" passed="1">
  <reporter-output>
    <line>
      <![CDATA[Test Android]]>
    </line>
  </reporter-output>
  <suite name="Command line suite" duration-ms="32321" started-at="2019-04-09T19:10:15Z" finished-at="2019-04-09T19:10:47Z">
    <groups>
    </groups>
    <test name="Command line test" duration-ms="32321" started-at="2019-04-09T19:10:15Z" finished-at="2019-04-09T19:10:47Z">
      <class name="com.NAQTS.tescoApp.pom.testcases.LoginTest">
        <test-method status="PASS" signature="LoginTest()[pri:0, instance:com.NAQTS.tescoApp.pom.testcases.LoginTest@eec5a4a]" name="LoginTest" duration-ms="31619" started-at="2019-04-09T15:10:15Z" finished-at="2019-04-09T15:10:47Z">
          <reporter-output>
            <line>
              <![CDATA[Test Android]]>
            </line>
          </reporter-output>
        </test-method> <!-- LoginTest -->
        <test-method status="PASS" signature="quit()[pri:0, instance:com.NAQTS.tescoApp.pom.testcases.LoginTest@eec5a4a]" name="quit" is-config="true" duration-ms="688" started-at="2019-04-09T15:10:47Z" finished-at="2019-04-09T15:10:47Z">
          <reporter-output>
          </reporter-output>
        </test-method> <!-- quit -->
      </class> <!-- com.NAQTS.tescoApp.pom.testcases.LoginTest -->
    </test> <!-- Command line test -->
  </suite> <!-- Command line suite -->
</testng-results>
